
> ycdirectory-ui@0.1.2 prebuild /Users/lijinhai/Desktop/my_project/ycdirectory-ui/packages/ui
> rimraf dist


> ycdirectory-ui@0.1.2 build /Users/lijinhai/Desktop/my_project/ycdirectory-ui/packages/ui
> tsup

CLI Building entry: src/index.tsx, src/styles.css
CLI Using tsconfig: tsconfig.json
CLI tsup v8.5.0
CLI Using tsup config: /Users/lijinhai/Desktop/my_project/ycdirectory-ui/packages/ui/tsup.config.ts
CLI Target: es2018
CLI Cleaning output folder
CJS Build start
ESM Build start
DTS Build start
ESM dist/index.js       83.00 KB
ESM dist/styles.css     26.41 KB
ESM dist/styles.css.map 50.85 KB
ESM dist/index.js.map   131.24 KB
ESM ⚡️ Build success in 2592ms
CJS dist/styles.css     26.41 KB
CJS dist/index.cjs      87.67 KB
CJS dist/styles.css.map 50.85 KB
CJS dist/index.cjs.map  130.67 KB
CJS ⚡️ Build success in 2593ms
DTS ⚡️ Build success in 10268ms
DTS dist/styles.d.cts 13.00 B
DTS dist/index.d.cts  10.59 KB
DTS dist/styles.d.ts  13.00 B
DTS dist/index.d.ts   10.59 KB
